#
# There is insufficient memory for the Java Runtime Environment to continue.
# Native memory allocation (malloc) failed to allocate 1060896 bytes for Chunk::new
# Possible reasons:
#   The system is out of physical RAM or swap space
#   The process is running with CompressedOops enabled, and the Java Heap may be blocking the growth of the native heap
# Possible solutions:
#   Reduce memory load on the system
#   Increase physical memory or swap space
#   Check if swap backing store is full
#   Decrease Java heap size (-Xmx/-Xms)
#   Decrease number of Java threads
#   Decrease Java thread stack sizes (-Xss)
#   Set larger code cache with -XX:ReservedCodeCacheSize=
#   JVM is running with Unscaled Compressed Oops mode in which the Java heap is
#     placed in the first 4GB address space. The Java Heap base address is the
#     maximum limit for the native heap growth. Please use -XX:HeapBaseMinAddress
#     to set the Java Heap base and to place the Java Heap above 4GB virtual address.
# This output file may be truncated or incomplete.
#
#  Out of Memory Error (allocation.cpp:389), pid=33436, tid=0x00000000000078fc
#
# JRE version: OpenJDK Runtime Environment (8.0_242-b01) (build 1.8.0_242-release-1644-b01)
# Java VM: OpenJDK 64-Bit Server VM (25.242-b01 mixed mode windows-amd64 compressed oops)
# Failed to write core dump. Minidumps are not enabled by default on client versions of Windows
#

---------------  T H R E A D  ---------------

Current thread (0x0000000016354800):  JavaThread "C2 CompilerThread0" daemon [_thread_in_native, id=30972, stack(0x00000000179b0000,0x0000000017ab0000)]

Stack: [0x00000000179b0000,0x0000000017ab0000]
[error occurred during error reporting (printing stack bounds), id 0xc0000005]

Native frames: (J=compiled Java code, j=interpreted, Vv=VM code, C=native code)


Current CompileTask:
C2:   9898 2383       4       java.net.URLClassLoader$1::run (5 bytes)


---------------  P R O C E S S  ---------------

Java Threads: ( => current thread )
  0x000000001f534000 JavaThread "Cache worker for execution history cache (C:\Users\SunMoon\.gradle\caches\5.4.1\executionHistory)" [_thread_blocked, id=13892, stack(0x0000000020360000,0x0000000020460000)]
  0x000000001f53a800 JavaThread "Cache worker for cache directory md-rule (C:\Users\SunMoon\.gradle\caches\5.4.1\md-rule)" [_thread_blocked, id=18388, stack(0x0000000020260000,0x0000000020360000)]
  0x000000001f535800 JavaThread "Cache worker for cache directory md-supplier (C:\Users\SunMoon\.gradle\caches\5.4.1\md-supplier)" [_thread_blocked, id=36680, stack(0x000000001e8c0000,0x000000001e9c0000)]
  0x0000000018be5800 JavaThread "Cache worker for file hash cache (I:\#_a_1_final_app_for_upseba\#MaheRamadanProject\Dimesion_IT\.gradle\5.4.1\fileHashes)" [_thread_blocked, id=35968, stack(0x000000001e7c0000,0x000000001e8c0000)]
  0x0000000018be4800 JavaThread "Cache worker for journal cache (C:\Users\SunMoon\.gradle\caches\journal-1)" [_thread_blocked, id=35476, stack(0x000000001af00000,0x000000001b000000)]
  0x0000000018be7800 JavaThread "File lock request listener" [_thread_in_native, id=34772, stack(0x000000001ae00000,0x000000001af00000)]
  0x0000000018be4000 JavaThread "Cache worker for file hash cache (C:\Users\SunMoon\.gradle\caches\5.4.1\fileHashes)" [_thread_blocked, id=31144, stack(0x000000001ad00000,0x000000001ae00000)]
  0x00000000196e6000 JavaThread "Thread-9" [_thread_blocked, id=33784, stack(0x000000001ac00000,0x000000001ad00000)]
  0x00000000196df000 JavaThread "Stdin handler" [_thread_blocked, id=35772, stack(0x000000001ab00000,0x000000001ac00000)]
  0x000000001955e000 JavaThread "Asynchronous log dispatcher for DefaultDaemonConnection: socket connection from /127.0.0.1:63025 to /127.0.0.1:63026" [_thread_blocked, id=35672, stack(0x000000001aa00000,0x000000001ab00000)]
  0x0000000019765800 JavaThread "Daemon worker" [_thread_in_Java, id=37096, stack(0x000000001a900000,0x000000001aa00000)]
  0x0000000019764800 JavaThread "Cancel handler" [_thread_blocked, id=33172, stack(0x000000001a800000,0x000000001a900000)]
  0x0000000019411800 JavaThread "Handler for socket connection from /127.0.0.1:63025 to /127.0.0.1:63026" [_thread_in_native, id=30648, stack(0x000000001a500000,0x000000001a600000)]
  0x0000000019413800 JavaThread "Daemon" [_thread_blocked, id=37592, stack(0x000000001a400000,0x000000001a500000)]
  0x00000000193b3800 JavaThread "Daemon periodic checks" [_thread_blocked, id=30964, stack(0x000000001a300000,0x000000001a400000)]
  0x0000000019065800 JavaThread "Incoming local TCP Connector on port 63025" [_thread_in_native, id=37448, stack(0x000000001a0c0000,0x000000001a1c0000)]
  0x00000000196dd000 JavaThread "Daemon health stats" [_thread_blocked, id=34456, stack(0x0000000019a80000,0x0000000019b80000)]
  0x0000000017ce0800 JavaThread "Service Thread" daemon [_thread_blocked, id=35596, stack(0x00000000180b0000,0x00000000181b0000)]
  0x000000001636b000 JavaThread "C1 CompilerThread2" daemon [_thread_blocked, id=30312, stack(0x0000000017bb0000,0x0000000017cb0000)]
  0x000000001635d000 JavaThread "C2 CompilerThread1" daemon [_thread_in_native, id=34124, stack(0x0000000017ab0000,0x0000000017bb0000)]
=>0x0000000016354800 JavaThread "C2 CompilerThread0" daemon [_thread_in_native, id=30972, stack(0x00000000179b0000,0x0000000017ab0000)]
  0x0000000016357800 JavaThread "Attach Listener" daemon [_thread_blocked, id=29984, stack(0x00000000178b0000,0x00000000179b0000)]
  0x0000000016356000 JavaThread "Signal Dispatcher" daemon [_thread_blocked, id=25108, stack(0x00000000177b0000,0x00000000178b0000)]
  0x000000000292b000 JavaThread "Finalizer" daemon [_thread_blocked, id=37800, stack(0x00000000175b0000,0x00000000176b0000)]
  0x0000000016339000 JavaThread "Reference Handler" daemon [_thread_blocked, id=36784, stack(0x00000000174b0000,0x00000000175b0000)]
  0x00000000029de800 JavaThread "main" [_thread_blocked, id=36276, stack(0x0000000000f10000,0x0000000001010000)]

Other Threads:
  0x0000000016316000 VMThread [stack: 0x00000000173b0000,0x00000000174b0000] [id=32396]
  0x0000000017d01000 WatcherThread [stack: 0x00000000181b0000,0x00000000182b0000] [id=35308]

VM state:not at safepoint (normal execution)

VM Mutex/Monitor currently owned by a thread: None

heap address: 0x00000000a0000000, size: 1536 MB, Compressed Oops mode: 32-bit
Narrow klass base: 0x0000000000000000, Narrow klass shift: 3
Compressed class space size: 1073741824 Address: 0x0000000100000000

Heap:
 PSYoungGen      total 37888K, used 10969K [0x00000000e0000000, 0x00000000e2a00000, 0x0000000100000000)
  eden space 32768K, 25% used [0x00000000e0000000,0x00000000e0826698,0x00000000e2000000)
  from space 5120K, 51% used [0x00000000e2000000,0x00000000e228fdb0,0x00000000e2500000)
  to   space 5120K, 0% used [0x00000000e2500000,0x00000000e2500000,0x00000000e2a00000)
 ParOldGen       total 32256K, used 11703K [0x00000000a0000000, 0x00000000a1f80000, 0x00000000e0000000)
  object space 32256K, 36% used [0x00000000a0000000,0x00000000a0b6dfc8,0x00000000a1f80000)
 Metaspace       used 30853K, capacity 31374K, committed 31872K, reserved 1077248K
  class space    used 4220K, capacity 4390K, committed 4480K, reserved 1048576K

Card table byte_map: [0x0000000011da0000,0x00000000120b0000] byte_map_base: 0x00000000118a0000

Marking Bits: (ParMarkBitMap*) 0x0000000064cef030
 Begin Bits: [0x00000000126b0000, 0x0000000013eb0000)
 End Bits:   [0x0000000013eb0000, 0x00000000156b0000)

Polling page: 0x0000000001020000

CodeCache: size=245760Kb used=8482Kb max_used=8482Kb free=237277Kb
 bounds [0x00000000029e0000, 0x0000000003240000, 0x00000000119e0000]
 total_blobs=2900 nmethods=2222 adapters=591
 compilation: enabled

Compilation events (10 events):
Event: 9.813 Thread 0x000000001636b000 2390       3       java.util.Arrays::fill (21 bytes)
Event: 9.813 Thread 0x000000001636b000 nmethod 2390 0x0000000003226210 code [0x0000000003226380, 0x0000000003226570]
Event: 9.814 Thread 0x000000001636b000 2391       3       sun.reflect.generics.parser.SignatureParser::parseZeroOrMoreTypeSignatures (174 bytes)
Event: 9.815 Thread 0x000000001636b000 nmethod 2391 0x000000000322a690 code [0x000000000322a8c0, 0x000000000322b4b8]
Event: 9.816 Thread 0x000000001636b000 2392       1       com.google.common.collect.LinkedHashMultimap$ValueSet::access$000 (5 bytes)
Event: 9.816 Thread 0x000000001636b000 nmethod 2392 0x0000000003225f50 code [0x00000000032260a0, 0x0000000003226190]
Event: 9.825 Thread 0x000000001636b000 2393   !   3       org.gradle.internal.event.DefaultListenerManager$EventBroadcast::maybeAdd (99 bytes)
Event: 9.826 Thread 0x000000001636b000 nmethod 2393 0x000000000322bad0 code [0x000000000322bce0, 0x000000000322c938]
Event: 9.827 Thread 0x000000001636b000 2394       3       java.util.LinkedHashMap$LinkedValueIterator::next (8 bytes)
Event: 9.827 Thread 0x000000001636b000 nmethod 2394 0x00000000032294d0 code [0x0000000003229640, 0x0000000003229848]

GC Heap History (10 events):
Event: 7.663 GC heap before
{Heap before GC invocations=10 (full 0):
 PSYoungGen      total 37888K, used 17811K [0x00000000e0000000, 0x00000000e2a00000, 0x0000000100000000)
  eden space 32768K, 38% used [0x00000000e0000000,0x00000000e0c77c28,0x00000000e2000000)
  from space 5120K, 98% used [0x00000000e2000000,0x00000000e24ed028,0x00000000e2500000)
  to   space 5120K, 0% used [0x00000000e2500000,0x00000000e2500000,0x00000000e2a00000)
 ParOldGen       total 44032K, used 6890K [0x00000000a0000000, 0x00000000a2b00000, 0x00000000e0000000)
  object space 44032K, 15% used [0x00000000a0000000,0x00000000a06baba0,0x00000000a2b00000)
 Metaspace       used 20623K, capacity 21070K, committed 21296K, reserved 1067008K
  class space    used 2947K, capacity 3117K, committed 3200K, reserved 1048576K
Event: 7.668 GC heap after
Heap after GC invocations=10 (full 0):
 PSYoungGen      total 37888K, used 3407K [0x00000000e0000000, 0x00000000e2a00000, 0x0000000100000000)
  eden space 32768K, 0% used [0x00000000e0000000,0x00000000e0000000,0x00000000e2000000)
  from space 5120K, 66% used [0x00000000e2500000,0x00000000e2853e68,0x00000000e2a00000)
  to   space 5120K, 0% used [0x00000000e2000000,0x00000000e2000000,0x00000000e2500000)
 ParOldGen       total 44032K, used 8037K [0x00000000a0000000, 0x00000000a2b00000, 0x00000000e0000000)
  object space 44032K, 18% used [0x00000000a0000000,0x00000000a07d9438,0x00000000a2b00000)
 Metaspace       used 20623K, capacity 21070K, committed 21296K, reserved 1067008K
  class space    used 2947K, capacity 3117K, committed 3200K, reserved 1048576K
}
Event: 7.668 GC heap before
{Heap before GC invocations=11 (full 1):
 PSYoungGen      total 37888K, used 3407K [0x00000000e0000000, 0x00000000e2a00000, 0x0000000100000000)
  eden space 32768K, 0% used [0x00000000e0000000,0x00000000e0000000,0x00000000e2000000)
  from space 5120K, 66% used [0x00000000e2500000,0x00000000e2853e68,0x00000000e2a00000)
  to   space 5120K, 0% used [0x00000000e2000000,0x00000000e2000000,0x00000000e2500000)
 ParOldGen       total 44032K, used 8037K [0x00000000a0000000, 0x00000000a2b00000, 0x00000000e0000000)
  object space 44032K, 18% used [0x00000000a0000000,0x00000000a07d9438,0x00000000a2b00000)
 Metaspace       used 20623K, capacity 21070K, committed 21296K, reserved 1067008K
  class space    used 2947K, capacity 3117K, committed 3200K, reserved 1048576K
Event: 7.731 GC heap after
Heap after GC invocations=11 (full 1):
 PSYoungGen      total 37888K, used 0K [0x00000000e0000000, 0x00000000e2a00000, 0x0000000100000000)
  eden space 32768K, 0% used [0x00000000e0000000,0x00000000e0000000,0x00000000e2000000)
  from space 5120K, 0% used [0x00000000e2500000,0x00000000e2500000,0x00000000e2a00000)
  to   space 5120K, 0% used [0x00000000e2000000,0x00000000e2000000,0x00000000e2500000)
 ParOldGen       total 32256K, used 8466K [0x00000000a0000000, 0x00000000a1f80000, 0x00000000e0000000)
  object space 32256K, 26% used [0x00000000a0000000,0x00000000a0844820,0x00000000a1f80000)
 Metaspace       used 20623K, capacity 21070K, committed 21296K, reserved 1067008K
  class space    used 2947K, capacity 3117K, committed 3200K, reserved 1048576K
}
Event: 8.512 GC heap before
{Heap before GC invocations=12 (full 1):
 PSYoungGen      total 37888K, used 32768K [0x00000000e0000000, 0x00000000e2a00000, 0x0000000100000000)
  eden space 32768K, 100% used [0x00000000e0000000,0x00000000e2000000,0x00000000e2000000)
  from space 5120K, 0% used [0x00000000e2500000,0x00000000e2500000,0x00000000e2a00000)
  to   space 5120K, 0% used [0x00000000e2000000,0x00000000e2000000,0x00000000e2500000)
 ParOldGen       total 32256K, used 8466K [0x00000000a0000000, 0x00000000a1f80000, 0x00000000e0000000)
  object space 32256K, 26% used [0x00000000a0000000,0x00000000a0844820,0x00000000a1f80000)
 Metaspace       used 26036K, capacity 26600K, committed 27008K, reserved 1073152K
  class space    used 3513K, capacity 3699K, committed 3712K, reserved 1048576K
Event: 8.518 GC heap after
Heap after GC invocations=12 (full 1):
 PSYoungGen      total 37888K, used 4855K [0x00000000e0000000, 0x00000000e2a00000, 0x0000000100000000)
  eden space 32768K, 0% used [0x00000000e0000000,0x00000000e0000000,0x00000000e2000000)
  from space 5120K, 94% used [0x00000000e2000000,0x00000000e24bdda8,0x00000000e2500000)
  to   space 5120K, 0% used [0x00000000e2500000,0x00000000e2500000,0x00000000e2a00000)
 ParOldGen       total 32256K, used 8474K [0x00000000a0000000, 0x00000000a1f80000, 0x00000000e0000000)
  object space 32256K, 26% used [0x00000000a0000000,0x00000000a0846820,0x00000000a1f80000)
 Metaspace       used 26036K, capacity 26600K, committed 27008K, reserved 1073152K
  class space    used 3513K, capacity 3699K, committed 3712K, reserved 1048576K
}
Event: 9.088 GC heap before
{Heap before GC invocations=13 (full 1):
 PSYoungGen      total 37888K, used 37623K [0x00000000e0000000, 0x00000000e2a00000, 0x0000000100000000)
  eden space 32768K, 100% used [0x00000000e0000000,0x00000000e2000000,0x00000000e2000000)
  from space 5120K, 94% used [0x00000000e2000000,0x00000000e24bdda8,0x00000000e2500000)
  to   space 5120K, 0% used [0x00000000e2500000,0x00000000e2500000,0x00000000e2a00000)
 ParOldGen       total 32256K, used 8474K [0x00000000a0000000, 0x00000000a1f80000, 0x00000000e0000000)
  object space 32256K, 26% used [0x00000000a0000000,0x00000000a0846840,0x00000000a1f80000)
 Metaspace       used 28937K, capacity 29450K, committed 29696K, reserved 1075200K
  class space    used 3906K, capacity 4090K, committed 4096K, reserved 1048576K
Event: 9.100 GC heap after
Heap after GC invocations=13 (full 1):
 PSYoungGen      total 37888K, used 3321K [0x00000000e0000000, 0x00000000e2a00000, 0x0000000100000000)
  eden space 32768K, 0% used [0x00000000e0000000,0x00000000e0000000,0x00000000e2000000)
  from space 5120K, 64% used [0x00000000e2500000,0x00000000e283e5c0,0x00000000e2a00000)
  to   space 5120K, 0% used [0x00000000e2000000,0x00000000e2000000,0x00000000e2500000)
 ParOldGen       total 32256K, used 10934K [0x00000000a0000000, 0x00000000a1f80000, 0x00000000e0000000)
  object space 32256K, 33% used [0x00000000a0000000,0x00000000a0aad860,0x00000000a1f80000)
 Metaspace       used 28937K, capacity 29450K, committed 29696K, reserved 1075200K
  class space    used 3906K, capacity 4090K, committed 4096K, reserved 1048576K
}
Event: 9.773 GC heap before
{Heap before GC invocations=14 (full 1):
 PSYoungGen      total 37888K, used 36089K [0x00000000e0000000, 0x00000000e2a00000, 0x0000000100000000)
  eden space 32768K, 100% used [0x00000000e0000000,0x00000000e2000000,0x00000000e2000000)
  from space 5120K, 64% used [0x00000000e2500000,0x00000000e283e5c0,0x00000000e2a00000)
  to   space 5120K, 0% used [0x00000000e2000000,0x00000000e2000000,0x00000000e2500000)
 ParOldGen       total 32256K, used 10959K [0x00000000a0000000, 0x00000000a1f80000, 0x00000000e0000000)
  object space 32256K, 33% used [0x00000000a0000000,0x00000000a0ab3fc8,0x00000000a1f80000)
 Metaspace       used 30376K, capacity 30894K, committed 31232K, reserved 1077248K
  class space    used 4140K, capacity 4294K, committed 4352K, reserved 1048576K
Event: 9.782 GC heap after
Heap after GC invocations=14 (full 1):
 PSYoungGen      total 37888K, used 2623K [0x00000000e0000000, 0x00000000e2a00000, 0x0000000100000000)
  eden space 32768K, 0% used [0x00000000e0000000,0x00000000e0000000,0x00000000e2000000)
  from space 5120K, 51% used [0x00000000e2000000,0x00000000e228fdb0,0x00000000e2500000)
  to   space 5120K, 0% used [0x00000000e2500000,0x00000000e2500000,0x00000000e2a00000)
 ParOldGen       total 32256K, used 11703K [0x00000000a0000000, 0x00000000a1f80000, 0x00000000e0000000)
  object space 32256K, 36% used [0x00000000a0000000,0x00000000a0b6dfc8,0x00000000a1f80000)
 Metaspace       used 30376K, capacity 30894K, committed 31232K, reserved 1077248K
  class space    used 4140K, capacity 4294K, committed 4352K, reserved 1048576K
}

Deoptimization events (10 events):
Event: 8.590 Thread 0x0000000019765800 Uncommon trap: reason=unstable_if action=reinterpret pc=0x0000000002ea1168 method=java.util.HashMap.hash(Ljava/lang/Object;)I @ 1
Event: 8.700 Thread 0x0000000019765800 Uncommon trap: reason=unstable_if action=reinterpret pc=0x0000000002c5ca80 method=java.util.HashMap.getNode(ILjava/lang/Object;)Ljava/util/HashMap$Node; @ 53
Event: 8.700 Thread 0x0000000019765800 Uncommon trap: reason=unstable_if action=reinterpret pc=0x0000000002e63e24 method=java.util.HashMap.hash(Ljava/lang/Object;)I @ 1
Event: 8.700 Thread 0x0000000019765800 Uncommon trap: reason=unstable_if action=reinterpret pc=0x0000000002e668dc method=java.util.HashMap.putVal(ILjava/lang/Object;Ljava/lang/Object;ZZ)Ljava/lang/Object; @ 85
Event: 8.781 Thread 0x0000000019765800 Uncommon trap: reason=unstable_if action=reinterpret pc=0x0000000002cdce30 method=java.util.LinkedHashMap.afterNodeInsertion(Z)V @ 1
Event: 9.043 Thread 0x0000000019765800 Uncommon trap: reason=unstable_if action=reinterpret pc=0x0000000002ca31c8 method=java.util.WeakHashMap.put(Ljava/lang/Object;Ljava/lang/Object;)Ljava/lang/Object; @ 72
Event: 9.136 Thread 0x0000000019765800 Uncommon trap: reason=class_check action=maybe_recompile pc=0x0000000002d467f4 method=sun.misc.URLClassPath.getLoader(I)Lsun/misc/URLClassPath$Loader; @ 94
Event: 9.143 Thread 0x0000000019765800 Uncommon trap: reason=class_check action=maybe_recompile pc=0x0000000002b62884 method=sun.misc.URLClassPath.getLoader(I)Lsun/misc/URLClassPath$Loader; @ 239
Event: 9.283 Thread 0x0000000019765800 Uncommon trap: reason=unstable_if action=reinterpret pc=0x0000000002c8b04c method=java.io.WinNTFileSystem.resolve(Ljava/lang/String;Ljava/lang/String;)Ljava/lang/String; @ 49
Event: 9.536 Thread 0x0000000019765800 Uncommon trap: reason=unstable_if action=reinterpret pc=0x00000000031d61f8 method=org.codehaus.groovy.runtime.metaclass.MetaMethodIndex.addMethodToList(Ljava/lang/Object;Lgroovy/lang/MetaMethod;)Ljava/lang/Object; @ 226

Classes redefined (0 events):
No events

Internal exceptions (10 events):
Event: 9.564 Thread 0x0000000019765800 Exception <a 'java/lang/ClassNotFoundException': org/gradle/api/internal/DefaultNamedDomainObjectCollectionBeanInfo> (0x00000000e101ca50) thrown at [C:\src\AOSP-openjdk-git\hotspot\src\share\vm\classfile\systemDictionary.cpp, line 210]
Event: 9.565 Thread 0x0000000019765800 Exception <a 'java/lang/ClassNotFoundException': org/gradle/api/internal/DefaultDomainObjectCollectionBeanInfo> (0x00000000e104be60) thrown at [C:\src\AOSP-openjdk-git\hotspot\src\share\vm\classfile\systemDictionary.cpp, line 210]
Event: 9.565 Thread 0x0000000019765800 Exception <a 'java/lang/ClassNotFoundException': java/util/AbstractCollectionBeanInfo> (0x00000000e10505b8) thrown at [C:\src\AOSP-openjdk-git\hotspot\src\share\vm\classfile\systemDictionary.cpp, line 210]
Event: 9.565 Thread 0x0000000019765800 Exception <a 'java/lang/ClassNotFoundException': java/util/AbstractCollectionCustomizer> (0x00000000e1054d20) thrown at [C:\src\AOSP-openjdk-git\hotspot\src\share\vm\classfile\systemDictionary.cpp, line 210]
Event: 9.570 Thread 0x0000000019765800 Exception <a 'java/lang/ClassNotFoundException': org/gradle/api/internal/DefaultDomainObjectCollectionCustomizer> (0x00000000e108f6d0) thrown at [C:\src\AOSP-openjdk-git\hotspot\src\share\vm\classfile\systemDictionary.cpp, line 210]
Event: 9.573 Thread 0x0000000019765800 Exception <a 'java/lang/ClassNotFoundException': org/gradle/api/internal/DefaultNamedDomainObjectCollectionCustomizer> (0x00000000e10e83d0) thrown at [C:\src\AOSP-openjdk-git\hotspot\src\share\vm\classfile\systemDictionary.cpp, line 210]
Event: 9.577 Thread 0x0000000019765800 Exception <a 'java/lang/ClassNotFoundException': org/gradle/api/internal/DefaultNamedDomainObjectListCustomizer> (0x00000000e1156ad0) thrown at [C:\src\AOSP-openjdk-git\hotspot\src\share\vm\classfile\systemDictionary.cpp, line 210]
Event: 9.579 Thread 0x0000000019765800 Exception <a 'java/lang/ClassNotFoundException': org/gradle/api/internal/artifacts/DefaultArtifactRepositoryContainerCustomizer> (0x00000000e11c3440) thrown at [C:\src\AOSP-openjdk-git\hotspot\src\share\vm\classfile\systemDictionary.cpp, line 210]
Event: 9.581 Thread 0x0000000019765800 Exception <a 'java/lang/ClassNotFoundException': org/gradle/api/internal/artifacts/dsl/DefaultRepositoryHandlerCustomizer> (0x00000000e1220968) thrown at [C:\src\AOSP-openjdk-git\hotspot\src\share\vm\classfile\systemDictionary.cpp, line 210]
Event: 9.582 Thread 0x0000000019765800 Exception <a 'java/lang/ClassNotFoundException': org/gradle/api/internal/artifacts/dsl/DefaultRepositoryHandler_DecoratedCustomizer> (0x00000000e1293f18) thrown at [C:\src\AOSP-openjdk-git\hotspot\src\share\vm\classfile\systemDictionary.cpp, line 210]

Events (10 events):
Event: 9.832 loading class com/google/common/io/BaseEncoding$3
Event: 9.832 loading class com/google/common/io/BaseEncoding$3 done
Event: 9.832 loading class com/google/common/io/BaseEncoding$5
Event: 9.832 loading class com/google/common/io/BaseEncoding$5 done
Event: 9.832 loading class com/google/common/io/BaseEncoding$2
Event: 9.832 loading class com/google/common/io/BaseEncoding$2 done
Event: 9.833 loading class com/google/common/io/BaseEncoding$StandardBaseEncoding$2
Event: 9.833 loading class com/google/common/io/BaseEncoding$StandardBaseEncoding$2 done
Event: 9.833 loading class com/google/common/io/BaseEncoding$SeparatedBaseEncoding
Event: 9.833 loading class com/google/common/io/BaseEncoding$SeparatedBaseEncoding done


Dynamic libraries:
0x00007ff74c7c0000 - 0x00007ff74c7f1000 	C:\Program Files\Android\Android Studio\jre\bin\java.exe
0x00007ffc3b1b0000 - 0x00007ffc3b3a5000 	C:\WINDOWS\SYSTEM32\ntdll.dll
0x00007ffc39a70000 - 0x00007ffc39b2d000 	C:\WINDOWS\System32\KERNEL32.DLL
0x00007ffc38b90000 - 0x00007ffc38e58000 	C:\WINDOWS\System32\KERNELBASE.dll
0x00007ffc3a490000 - 0x00007ffc3a53c000 	C:\WINDOWS\System32\ADVAPI32.dll
0x00007ffc399d0000 - 0x00007ffc39a6e000 	C:\WINDOWS\System32\msvcrt.dll
0x00007ffc3a1d0000 - 0x00007ffc3a26b000 	C:\WINDOWS\System32\sechost.dll
0x00007ffc3a8c0000 - 0x00007ffc3a9eb000 	C:\WINDOWS\System32\RPCRT4.dll
0x00007ffc39b30000 - 0x00007ffc39cd0000 	C:\WINDOWS\System32\USER32.dll
0x00007ffc38ee0000 - 0x00007ffc38f02000 	C:\WINDOWS\System32\win32u.dll
0x00007ffc39e10000 - 0x00007ffc39e3a000 	C:\WINDOWS\System32\GDI32.dll
0x00007ffc38980000 - 0x00007ffc38a8b000 	C:\WINDOWS\System32\gdi32full.dll
0x00007ffc38f60000 - 0x00007ffc38ffd000 	C:\WINDOWS\System32\msvcp_win.dll
0x00007ffc38a90000 - 0x00007ffc38b90000 	C:\WINDOWS\System32\ucrtbase.dll
0x00007ffc27870000 - 0x00007ffc27b0a000 	C:\WINDOWS\WinSxS\amd64_microsoft.windows.common-controls_6595b64144ccf1df_6.0.19041.844_none_ca00b6081b84eb1d\COMCTL32.dll
0x00007ffc3a1a0000 - 0x00007ffc3a1d0000 	C:\WINDOWS\System32\IMM32.DLL
0x00000000651d0000 - 0x00000000652a2000 	C:\Program Files\Android\Android Studio\jre\jre\bin\msvcr100.dll
0x0000000064520000 - 0x0000000064d6b000 	C:\Program Files\Android\Android Studio\jre\jre\bin\server\jvm.dll
0x00007ffc3a2a0000 - 0x00007ffc3a2a8000 	C:\WINDOWS\System32\PSAPI.DLL
0x00007ffc2ad30000 - 0x00007ffc2ad57000 	C:\WINDOWS\SYSTEM32\WINMM.dll
0x00007ffc376f0000 - 0x00007ffc376fa000 	C:\WINDOWS\SYSTEM32\VERSION.dll
0x00007ffc241e0000 - 0x00007ffc241e9000 	C:\WINDOWS\SYSTEM32\WSOCK32.dll
0x00007ffc3a540000 - 0x00007ffc3a5ab000 	C:\WINDOWS\System32\WS2_32.dll
0x00007ffc329b0000 - 0x00007ffc329bf000 	C:\Program Files\Android\Android Studio\jre\jre\bin\verify.dll
0x00007ffc2a040000 - 0x00007ffc2a069000 	C:\Program Files\Android\Android Studio\jre\jre\bin\java.dll
0x00007ffc2a020000 - 0x00007ffc2a036000 	C:\Program Files\Android\Android Studio\jre\jre\bin\zip.dll
0x00007ffc39280000 - 0x00007ffc399c2000 	C:\WINDOWS\System32\SHELL32.dll
0x00007ffc363d0000 - 0x00007ffc36b61000 	C:\WINDOWS\SYSTEM32\windows.storage.dll
0x00007ffc39e40000 - 0x00007ffc3a195000 	C:\WINDOWS\System32\combase.dll
0x00007ffc383c0000 - 0x00007ffc383ec000 	C:\WINDOWS\SYSTEM32\Wldp.dll
0x00007ffc3a9f0000 - 0x00007ffc3aa9e000 	C:\WINDOWS\System32\SHCORE.dll
0x00007ffc39db0000 - 0x00007ffc39e05000 	C:\WINDOWS\System32\shlwapi.dll
0x00007ffc38890000 - 0x00007ffc388af000 	C:\WINDOWS\SYSTEM32\profapi.dll
0x00007ffc295b0000 - 0x00007ffc295ca000 	C:\Program Files\Android\Android Studio\jre\jre\bin\net.dll
0x00007ffc38130000 - 0x00007ffc3819a000 	C:\WINDOWS\system32\mswsock.dll
0x00007ffc1dc50000 - 0x00007ffc1dc63000 	C:\Program Files\Android\Android Studio\jre\jre\bin\nio.dll
0x00007ffc29ee0000 - 0x00007ffc29f06000 	C:\Users\SunMoon\.gradle\native\29\windows-amd64\native-platform.dll
0x00007ffc30cc0000 - 0x00007ffc30ccd000 	C:\Program Files\Android\Android Studio\jre\jre\bin\management.dll
0x00007ffc38310000 - 0x00007ffc38328000 	C:\WINDOWS\SYSTEM32\CRYPTSP.dll
0x00007ffc37a60000 - 0x00007ffc37a94000 	C:\WINDOWS\system32\rsaenh.dll
0x00007ffc38950000 - 0x00007ffc38977000 	C:\WINDOWS\System32\bcrypt.dll
0x00007ffc38850000 - 0x00007ffc3887e000 	C:\WINDOWS\SYSTEM32\USERENV.dll
0x00007ffc38e60000 - 0x00007ffc38ee0000 	C:\WINDOWS\System32\bcryptprimitives.dll
0x00007ffc38300000 - 0x00007ffc3830c000 	C:\WINDOWS\SYSTEM32\CRYPTBASE.dll
0x00007ffc37dd0000 - 0x00007ffc37e0b000 	C:\WINDOWS\SYSTEM32\IPHLPAPI.DLL
0x00007ffc3a270000 - 0x00007ffc3a278000 	C:\WINDOWS\System32\NSI.dll
0x00007ffc2e220000 - 0x00007ffc2e237000 	C:\WINDOWS\SYSTEM32\dhcpcsvc6.DLL
0x00007ffc30470000 - 0x00007ffc3048d000 	C:\WINDOWS\SYSTEM32\dhcpcsvc.DLL
0x00007ffc37e20000 - 0x00007ffc37eec000 	C:\WINDOWS\SYSTEM32\DNSAPI.dll

VM Arguments:
jvm_args: -Xmx1536m -Dfile.encoding=windows-1252 -Duser.country=US -Duser.language=en -Duser.variant 
java_command: org.gradle.launcher.daemon.bootstrap.GradleDaemon 5.4.1
java_class_path (initial): C:\Users\SunMoon\.gradle\wrapper\dists\gradle-5.4.1-all\3221gyojl5jsh0helicew7rwx\gradle-5.4.1\lib\gradle-launcher-5.4.1.jar
Launcher Type: SUN_STANDARD

Environment Variables:
PATH=C:\Program Files\Common Files\Oracle\Java\javapath;C:\Program Files (x86)\Intel\iCLS Client\;C:\Program Files\Intel\iCLS Client\;C:\WINDOWS\system32;C:\WINDOWS;C:\WINDOWS\System32\Wbem;C:\WINDOWS\System32\WindowsPowerShell\v1.0\;C:\Program Files (x86)\Intel\Intel(R) Management Engine Components\DAL;C:\Program Files\Intel\Intel(R) Management Engine Components\DAL;C:\Program Files (x86)\Intel\Intel(R) Management Engine Components\IPT;C:\Program Files\Intel\Intel(R) Management Engine Components\IPT;C:\WINDOWS\System32\OpenSSH\;C:\Program Files\Java\jdk-15.0.2\bin;C:\Program Files\JetBrains\IntelliJ IDEA Community Edition 2020.3.2\bin;;C:\Users\SunMoon\AppData\Local\Microsoft\WindowsApps;
USERNAME=SunMoon
OS=Windows_NT
PROCESSOR_IDENTIFIER=Intel64 Family 6 Model 61 Stepping 4, GenuineIntel



---------------  S Y S T E M  ---------------

OS: Windows 10.0 , 64 bit Build 19041 (10.0.19041.928)

CPU:total 4 (initial active 4) (2 cores per cpu, 2 threads per core) family 6 model 61 stepping 4, cmov, cx8, fxsr, mmx, sse, sse2, sse3, ssse3, sse4.1, sse4.2, popcnt, avx, avx2, aes, clmul, erms, 3dnowpref, lzcnt, ht, tsc, tscinvbit, bmi1, bmi2, adx

Memory: 4k page, physical 4082796k(38056k free), swap 16665708k(3476k free)

vm_info: OpenJDK 64-Bit Server VM (25.242-b01) for windows-amd64 JRE (1.8.0_242-release-1644-b01), built by "builder" with MS VC++ 10.0 (VS2010)

time: Fri May 07 19:52:22 2021
timezone: Bangladesh Standard Time
elapsed time: 9 seconds (0d 0h 0m 9s)

