#
# There is insufficient memory for the Java Runtime Environment to continue.
# Native memory allocation (malloc) failed to allocate 1844880 bytes for Chunk::new
# Possible reasons:
#   The system is out of physical RAM or swap space
#   The process is running with CompressedOops enabled, and the Java Heap may be blocking the growth of the native heap
# Possible solutions:
#   Reduce memory load on the system
#   Increase physical memory or swap space
#   Check if swap backing store is full
#   Decrease Java heap size (-Xmx/-Xms)
#   Decrease number of Java threads
#   Decrease Java thread stack sizes (-Xss)
#   Set larger code cache with -XX:ReservedCodeCacheSize=
#   JVM is running with Unscaled Compressed Oops mode in which the Java heap is
#     placed in the first 4GB address space. The Java Heap base address is the
#     maximum limit for the native heap growth. Please use -XX:HeapBaseMinAddress
#     to set the Java Heap base and to place the Java Heap above 4GB virtual address.
# This output file may be truncated or incomplete.
#
#  Out of Memory Error (allocation.cpp:389), pid=19188, tid=0x0000000000005cf4
#
# JRE version: OpenJDK Runtime Environment (8.0_242-b01) (build 1.8.0_242-release-1644-b01)
# Java VM: OpenJDK 64-Bit Server VM (25.242-b01 mixed mode windows-amd64 compressed oops)
# Failed to write core dump. Minidumps are not enabled by default on client versions of Windows
#

---------------  T H R E A D  ---------------

Current thread (0x0000000016b6b800):  JavaThread "C2 CompilerThread1" daemon [_thread_in_native, id=23796, stack(0x00000000182c0000,0x00000000183c0000)]

Stack: [0x00000000182c0000,0x00000000183c0000]
[error occurred during error reporting (printing stack bounds), id 0xc0000005]

Native frames: (J=compiled Java code, j=interpreted, Vv=VM code, C=native code)


Current CompileTask:
C2:   4657 1429       4       java.net.URLClassLoader$1::run (5 bytes)


---------------  P R O C E S S  ---------------

Java Threads: ( => current thread )
  0x0000000019f6a800 JavaThread "Cache worker for journal cache (C:\Users\SunMoon\.gradle\caches\journal-1)" [_thread_blocked, id=35872, stack(0x000000001b710000,0x000000001b810000)]
  0x0000000019f6c000 JavaThread "File lock request listener" [_thread_in_native, id=14612, stack(0x000000001b610000,0x000000001b710000)]
  0x0000000019f6b000 JavaThread "Cache worker for file hash cache (C:\Users\SunMoon\.gradle\caches\5.4.1\fileHashes)" [_thread_blocked, id=37248, stack(0x000000001b510000,0x000000001b610000)]
  0x0000000019ce4000 JavaThread "Thread-9" [_thread_blocked, id=8628, stack(0x000000001b410000,0x000000001b510000)]
  0x0000000019cdd000 JavaThread "Stdin handler" [_thread_blocked, id=27624, stack(0x000000001b310000,0x000000001b410000)]
  0x0000000019cd7800 JavaThread "Asynchronous log dispatcher for DefaultDaemonConnection: socket connection from /127.0.0.1:62989 to /127.0.0.1:62990" [_thread_blocked, id=3484, stack(0x000000001b210000,0x000000001b310000)]
  0x0000000019cd6000 JavaThread "Daemon worker" [_thread_in_vm, id=36500, stack(0x000000001b110000,0x000000001b210000)]
  0x0000000019cd5800 JavaThread "Cancel handler" [_thread_blocked, id=34464, stack(0x000000001b010000,0x000000001b110000)]
  0x00000000199b9000 JavaThread "Handler for socket connection from /127.0.0.1:62989 to /127.0.0.1:62990" [_thread_in_native, id=28932, stack(0x000000001ad10000,0x000000001ae10000)]
  0x00000000199b4800 JavaThread "Daemon" [_thread_blocked, id=14520, stack(0x000000001ac10000,0x000000001ad10000)]
  0x0000000019f33000 JavaThread "Daemon periodic checks" [_thread_blocked, id=30852, stack(0x000000001ab10000,0x000000001ac10000)]
  0x0000000019f27800 JavaThread "Incoming local TCP Connector on port 62989" [_thread_in_native, id=13980, stack(0x000000001a8d0000,0x000000001a9d0000)]
  0x0000000019ed8800 JavaThread "Daemon health stats" [_thread_blocked, id=29884, stack(0x000000001a290000,0x000000001a390000)]
  0x0000000016bbe800 JavaThread "Service Thread" daemon [_thread_blocked, id=34404, stack(0x00000000188c0000,0x00000000189c0000)]
  0x0000000016b75800 JavaThread "C1 CompilerThread2" daemon [_thread_blocked, id=31240, stack(0x00000000183c0000,0x00000000184c0000)]
=>0x0000000016b6b800 JavaThread "C2 CompilerThread1" daemon [_thread_in_native, id=23796, stack(0x00000000182c0000,0x00000000183c0000)]
  0x0000000016b64800 JavaThread "C2 CompilerThread0" daemon [_thread_in_native, id=30560, stack(0x00000000181c0000,0x00000000182c0000)]
  0x0000000016b67800 JavaThread "Attach Listener" daemon [_thread_blocked, id=12640, stack(0x00000000180c0000,0x00000000181c0000)]
  0x0000000016b66000 JavaThread "Signal Dispatcher" daemon [_thread_blocked, id=36832, stack(0x0000000017fc0000,0x00000000180c0000)]
  0x00000000031eb000 JavaThread "Finalizer" daemon [_thread_blocked, id=10056, stack(0x0000000017dc0000,0x0000000017ec0000)]
  0x0000000016b49000 JavaThread "Reference Handler" daemon [_thread_blocked, id=33656, stack(0x0000000017cc0000,0x0000000017dc0000)]
  0x0000000002f7e800 JavaThread "main" [_thread_blocked, id=30452, stack(0x0000000002ff0000,0x00000000030f0000)]

Other Threads:
  0x0000000016b26000 VMThread [stack: 0x0000000017bc0000,0x0000000017cc0000] [id=37532]
  0x00000000184ee000 WatcherThread [stack: 0x00000000189c0000,0x0000000018ac0000] [id=10636]

VM state:not at safepoint (normal execution)

VM Mutex/Monitor currently owned by a thread: None

heap address: 0x00000000a0000000, size: 1536 MB, Compressed Oops mode: 32-bit
Narrow klass base: 0x0000000000000000, Narrow klass shift: 3
Compressed class space size: 1073741824 Address: 0x0000000100000000

Heap:
 PSYoungGen      total 70656K, used 14108K [0x00000000e0000000, 0x00000000e4e00000, 0x0000000100000000)
  eden space 64512K, 12% used [0x00000000e0000000,0x00000000e07caf60,0x00000000e3f00000)
  from space 6144K, 99% used [0x00000000e4600000,0x00000000e4bfc0f0,0x00000000e4c00000)
  to   space 7168K, 0% used [0x00000000e3f00000,0x00000000e3f00000,0x00000000e4600000)
 ParOldGen       total 44032K, used 5818K [0x00000000a0000000, 0x00000000a2b00000, 0x00000000e0000000)
  object space 44032K, 13% used [0x00000000a0000000,0x00000000a05ae990,0x00000000a2b00000)
 Metaspace       used 16568K, capacity 16946K, committed 17152K, reserved 1064960K
  class space    used 2366K, capacity 2521K, committed 2560K, reserved 1048576K

Card table byte_map: [0x00000000125b0000,0x00000000128c0000] byte_map_base: 0x00000000120b0000

Marking Bits: (ParMarkBitMap*) 0x0000000064cef030
 Begin Bits: [0x0000000012ec0000, 0x00000000146c0000)
 End Bits:   [0x00000000146c0000, 0x0000000015ec0000)

Polling page: 0x0000000002e90000

CodeCache: size=245760Kb used=5382Kb max_used=5382Kb free=240377Kb
 bounds [0x00000000031f0000, 0x0000000003740000, 0x00000000121f0000]
 total_blobs=1936 nmethods=1537 adapters=312
 compilation: enabled

Compilation events (10 events):
Event: 4.539 Thread 0x0000000016b75800 1534       3       sun.misc.ProxyGenerator$ConstantPool::getMethodRef (33 bytes)
Event: 4.540 Thread 0x0000000016b75800 nmethod 1534 0x000000000372c610 code [0x000000000372c8a0, 0x000000000372d648]
Event: 4.540 Thread 0x0000000016b75800 1535       3       sun.misc.ProxyGenerator::access$900 (5 bytes)
Event: 4.540 Thread 0x0000000016b75800 nmethod 1535 0x000000000372e150 code [0x000000000372e2c0, 0x000000000372e528]
Event: 4.541 Thread 0x0000000016b75800 1536       1       com.google.common.collect.RegularImmutableList::size (5 bytes)
Event: 4.541 Thread 0x0000000016b75800 nmethod 1536 0x000000000372e610 code [0x000000000372e760, 0x000000000372e870]
Event: 4.541 Thread 0x0000000016b75800 1538       3       com.google.common.base.Preconditions::checkPositionIndex (25 bytes)
Event: 4.541 Thread 0x0000000016b75800 nmethod 1538 0x000000000372e8d0 code [0x000000000372ea40, 0x000000000372ecd8]
Event: 4.541 Thread 0x0000000016b75800 1537       3       com.google.common.base.Preconditions::checkPositionIndex (8 bytes)
Event: 4.542 Thread 0x0000000016b75800 nmethod 1537 0x000000000372edd0 code [0x000000000372ef60, 0x000000000372f258]

GC Heap History (10 events):
Event: 1.271 GC heap before
{Heap before GC invocations=2 (full 0):
 PSYoungGen      total 18944K, used 18941K [0x00000000e0000000, 0x00000000e1500000, 0x0000000100000000)
  eden space 16384K, 100% used [0x00000000e0000000,0x00000000e1000000,0x00000000e1000000)
  from space 2560K, 99% used [0x00000000e1000000,0x00000000e127f410,0x00000000e1280000)
  to   space 2560K, 0% used [0x00000000e1280000,0x00000000e1280000,0x00000000e1500000)
 ParOldGen       total 44032K, used 65K [0x00000000a0000000, 0x00000000a2b00000, 0x00000000e0000000)
  object space 44032K, 0% used [0x00000000a0000000,0x00000000a0010640,0x00000000a2b00000)
 Metaspace       used 6757K, capacity 6960K, committed 7040K, reserved 1056768K
  class space    used 822K, capacity 876K, committed 896K, reserved 1048576K
Event: 1.276 GC heap after
Heap after GC invocations=2 (full 0):
 PSYoungGen      total 18944K, used 2536K [0x00000000e0000000, 0x00000000e1500000, 0x0000000100000000)
  eden space 16384K, 0% used [0x00000000e0000000,0x00000000e0000000,0x00000000e1000000)
  from space 2560K, 99% used [0x00000000e1280000,0x00000000e14fa328,0x00000000e1500000)
  to   space 2560K, 0% used [0x00000000e1000000,0x00000000e1000000,0x00000000e1280000)
 ParOldGen       total 44032K, used 373K [0x00000000a0000000, 0x00000000a2b00000, 0x00000000e0000000)
  object space 44032K, 0% used [0x00000000a0000000,0x00000000a005d5f8,0x00000000a2b00000)
 Metaspace       used 6757K, capacity 6960K, committed 7040K, reserved 1056768K
  class space    used 822K, capacity 876K, committed 896K, reserved 1048576K
}
Event: 1.539 GC heap before
{Heap before GC invocations=3 (full 0):
 PSYoungGen      total 18944K, used 18920K [0x00000000e0000000, 0x00000000e1500000, 0x0000000100000000)
  eden space 16384K, 100% used [0x00000000e0000000,0x00000000e1000000,0x00000000e1000000)
  from space 2560K, 99% used [0x00000000e1280000,0x00000000e14fa328,0x00000000e1500000)
  to   space 2560K, 0% used [0x00000000e1000000,0x00000000e1000000,0x00000000e1280000)
 ParOldGen       total 44032K, used 373K [0x00000000a0000000, 0x00000000a2b00000, 0x00000000e0000000)
  object space 44032K, 0% used [0x00000000a0000000,0x00000000a005d5f8,0x00000000a2b00000)
 Metaspace       used 6934K, capacity 7138K, committed 7424K, reserved 1056768K
  class space    used 841K, capacity 914K, committed 1024K, reserved 1048576K
Event: 1.544 GC heap after
Heap after GC invocations=3 (full 0):
 PSYoungGen      total 18944K, used 2536K [0x00000000e0000000, 0x00000000e2500000, 0x0000000100000000)
  eden space 16384K, 0% used [0x00000000e0000000,0x00000000e0000000,0x00000000e1000000)
  from space 2560K, 99% used [0x00000000e1000000,0x00000000e127a1c0,0x00000000e1280000)
  to   space 2560K, 0% used [0x00000000e2280000,0x00000000e2280000,0x00000000e2500000)
 ParOldGen       total 44032K, used 493K [0x00000000a0000000, 0x00000000a2b00000, 0x00000000e0000000)
  object space 44032K, 1% used [0x00000000a0000000,0x00000000a007b710,0x00000000a2b00000)
 Metaspace       used 6934K, capacity 7138K, committed 7424K, reserved 1056768K
  class space    used 841K, capacity 914K, committed 1024K, reserved 1048576K
}
Event: 1.811 GC heap before
{Heap before GC invocations=4 (full 0):
 PSYoungGen      total 18944K, used 18920K [0x00000000e0000000, 0x00000000e2500000, 0x0000000100000000)
  eden space 16384K, 100% used [0x00000000e0000000,0x00000000e1000000,0x00000000e1000000)
  from space 2560K, 99% used [0x00000000e1000000,0x00000000e127a1c0,0x00000000e1280000)
  to   space 2560K, 0% used [0x00000000e2280000,0x00000000e2280000,0x00000000e2500000)
 ParOldGen       total 44032K, used 493K [0x00000000a0000000, 0x00000000a2b00000, 0x00000000e0000000)
  object space 44032K, 1% used [0x00000000a0000000,0x00000000a007b710,0x00000000a2b00000)
 Metaspace       used 8478K, capacity 8714K, committed 8832K, reserved 1056768K
  class space    used 1079K, capacity 1141K, committed 1152K, reserved 1048576K
Event: 1.818 GC heap after
Heap after GC invocations=4 (full 0):
 PSYoungGen      total 35328K, used 2544K [0x00000000e0000000, 0x00000000e2500000, 0x0000000100000000)
  eden space 32768K, 0% used [0x00000000e0000000,0x00000000e0000000,0x00000000e2000000)
  from space 2560K, 99% used [0x00000000e2280000,0x00000000e24fc030,0x00000000e2500000)
  to   space 2560K, 0% used [0x00000000e2000000,0x00000000e2000000,0x00000000e2280000)
 ParOldGen       total 44032K, used 1597K [0x00000000a0000000, 0x00000000a2b00000, 0x00000000e0000000)
  object space 44032K, 3% used [0x00000000a0000000,0x00000000a018f528,0x00000000a2b00000)
 Metaspace       used 8478K, capacity 8714K, committed 8832K, reserved 1056768K
  class space    used 1079K, capacity 1141K, committed 1152K, reserved 1048576K
}
Event: 3.216 GC heap before
{Heap before GC invocations=5 (full 0):
 PSYoungGen      total 35328K, used 35312K [0x00000000e0000000, 0x00000000e2500000, 0x0000000100000000)
  eden space 32768K, 100% used [0x00000000e0000000,0x00000000e2000000,0x00000000e2000000)
  from space 2560K, 99% used [0x00000000e2280000,0x00000000e24fc030,0x00000000e2500000)
  to   space 2560K, 0% used [0x00000000e2000000,0x00000000e2000000,0x00000000e2280000)
 ParOldGen       total 44032K, used 1597K [0x00000000a0000000, 0x00000000a2b00000, 0x00000000e0000000)
  object space 44032K, 3% used [0x00000000a0000000,0x00000000a018f528,0x00000000a2b00000)
 Metaspace       used 13233K, capacity 13602K, committed 13824K, reserved 1060864K
  class space    used 1816K, capacity 1935K, committed 2048K, reserved 1048576K
Event: 3.228 GC heap after
Heap after GC invocations=5 (full 0):
 PSYoungGen      total 35328K, used 2528K [0x00000000e0000000, 0x00000000e4c00000, 0x0000000100000000)
  eden space 32768K, 0% used [0x00000000e0000000,0x00000000e0000000,0x00000000e2000000)
  from space 2560K, 98% used [0x00000000e2000000,0x00000000e2278020,0x00000000e2280000)
  to   space 6144K, 0% used [0x00000000e4600000,0x00000000e4600000,0x00000000e4c00000)
 ParOldGen       total 44032K, used 5626K [0x00000000a0000000, 0x00000000a2b00000, 0x00000000e0000000)
  object space 44032K, 12% used [0x00000000a0000000,0x00000000a057eac0,0x00000000a2b00000)
 Metaspace       used 13233K, capacity 13602K, committed 13824K, reserved 1060864K
  class space    used 1816K, capacity 1935K, committed 2048K, reserved 1048576K
}
Event: 4.500 GC heap before
{Heap before GC invocations=6 (full 0):
 PSYoungGen      total 35328K, used 35296K [0x00000000e0000000, 0x00000000e4c00000, 0x0000000100000000)
  eden space 32768K, 100% used [0x00000000e0000000,0x00000000e2000000,0x00000000e2000000)
  from space 2560K, 98% used [0x00000000e2000000,0x00000000e2278020,0x00000000e2280000)
  to   space 6144K, 0% used [0x00000000e4600000,0x00000000e4600000,0x00000000e4c00000)
 ParOldGen       total 44032K, used 5626K [0x00000000a0000000, 0x00000000a2b00000, 0x00000000e0000000)
  object space 44032K, 12% used [0x00000000a0000000,0x00000000a057eac0,0x00000000a2b00000)
 Metaspace       used 15874K, capacity 16338K, committed 16512K, reserved 1062912K
  class space    used 2258K, capacity 2425K, committed 2432K, reserved 1048576K
Event: 4.519 GC heap after
Heap after GC invocations=6 (full 0):
 PSYoungGen      total 70656K, used 6128K [0x00000000e0000000, 0x00000000e4e00000, 0x0000000100000000)
  eden space 64512K, 0% used [0x00000000e0000000,0x00000000e0000000,0x00000000e3f00000)
  from space 6144K, 99% used [0x00000000e4600000,0x00000000e4bfc0f0,0x00000000e4c00000)
  to   space 7168K, 0% used [0x00000000e3f00000,0x00000000e3f00000,0x00000000e4600000)
 ParOldGen       total 44032K, used 5818K [0x00000000a0000000, 0x00000000a2b00000, 0x00000000e0000000)
  object space 44032K, 13% used [0x00000000a0000000,0x00000000a05ae990,0x00000000a2b00000)
 Metaspace       used 15874K, capacity 16338K, committed 16512K, reserved 1062912K
  class space    used 2258K, capacity 2425K, committed 2432K, reserved 1048576K
}

Deoptimization events (10 events):
Event: 2.694 Thread 0x00000000199b9000 Uncommon trap: reason=unstable_if action=reinterpret pc=0x00000000035bbab0 method=java.util.concurrent.ConcurrentHashMap.putVal(Ljava/lang/Object;Ljava/lang/Object;Z)Ljava/lang/Object; @ 206
Event: 2.811 Thread 0x0000000019cd6000 Uncommon trap: reason=bimorphic action=maybe_recompile pc=0x00000000034b3780 method=java.util.HashMap.putVal(ILjava/lang/Object;Ljava/lang/Object;ZZ)Ljava/lang/Object; @ 253
Event: 2.813 Thread 0x0000000019cd6000 Uncommon trap: reason=bimorphic action=maybe_recompile pc=0x00000000034b3780 method=java.util.HashMap.putVal(ILjava/lang/Object;Ljava/lang/Object;ZZ)Ljava/lang/Object; @ 253
Event: 2.813 Thread 0x0000000019cd6000 Uncommon trap: reason=bimorphic action=maybe_recompile pc=0x00000000034b3780 method=java.util.HashMap.putVal(ILjava/lang/Object;Ljava/lang/Object;ZZ)Ljava/lang/Object; @ 253
Event: 2.813 Thread 0x0000000019cd6000 Uncommon trap: reason=bimorphic action=maybe_recompile pc=0x00000000034aebf0 method=java.util.HashMap.putVal(ILjava/lang/Object;Ljava/lang/Object;ZZ)Ljava/lang/Object; @ 253
Event: 3.257 Thread 0x0000000019cd6000 Uncommon trap: reason=class_check action=maybe_recompile pc=0x00000000034db1d8 method=java.util.regex.Matcher.match(II)Z @ 86
Event: 3.277 Thread 0x0000000019cd6000 Uncommon trap: reason=class_check action=maybe_recompile pc=0x00000000034db1d8 method=java.util.regex.Matcher.match(II)Z @ 86
Event: 3.278 Thread 0x0000000019cd6000 Uncommon trap: reason=class_check action=maybe_recompile pc=0x00000000034db1d8 method=java.util.regex.Matcher.match(II)Z @ 86
Event: 3.278 Thread 0x0000000019cd6000 Uncommon trap: reason=class_check action=maybe_recompile pc=0x00000000034989dc method=java.util.regex.Matcher.match(II)Z @ 86
Event: 4.247 Thread 0x0000000019cd6000 Uncommon trap: reason=unstable_if action=reinterpret pc=0x00000000035b0ef4 method=java.lang.String.lastIndexOf([CII[CIII)I @ 66

Classes redefined (0 events):
No events

Internal exceptions (10 events):
Event: 2.701 Thread 0x00000000199b9000 Exception <a 'java/lang/NoSuchMethodError': <clinit>> (0x00000000e0c74548) thrown at [C:\src\AOSP-openjdk-git\hotspot\src\share\vm\prims\jni.cpp, line 1615]
Event: 2.706 Thread 0x00000000199b9000 Exception <a 'java/lang/NoSuchMethodError': <clinit>> (0x00000000e0c86e50) thrown at [C:\src\AOSP-openjdk-git\hotspot\src\share\vm\prims\jni.cpp, line 1615]
Event: 2.711 Thread 0x00000000199b9000 Exception <a 'java/lang/NoSuchMethodError': <clinit>> (0x00000000e0cada30) thrown at [C:\src\AOSP-openjdk-git\hotspot\src\share\vm\prims\jni.cpp, line 1615]
Event: 2.715 Thread 0x00000000199b9000 Exception <a 'java/lang/NoSuchMethodError': <clinit>> (0x00000000e0cc54d8) thrown at [C:\src\AOSP-openjdk-git\hotspot\src\share\vm\prims\jni.cpp, line 1615]
Event: 2.716 Thread 0x00000000199b9000 Exception <a 'java/lang/NoSuchMethodError': <clinit>> (0x00000000e0cce078) thrown at [C:\src\AOSP-openjdk-git\hotspot\src\share\vm\prims\jni.cpp, line 1615]
Event: 2.719 Thread 0x00000000199b9000 Exception <a 'java/lang/NoSuchMethodError': <clinit>> (0x00000000e0ce42f0) thrown at [C:\src\AOSP-openjdk-git\hotspot\src\share\vm\prims\jni.cpp, line 1615]
Event: 2.735 Thread 0x00000000199b9000 Exception <a 'java/lang/NoSuchMethodError': <clinit>> (0x00000000e0d3df10) thrown at [C:\src\AOSP-openjdk-git\hotspot\src\share\vm\prims\jni.cpp, line 1615]
Event: 2.744 Thread 0x00000000199b9000 Exception <a 'java/lang/NoSuchMethodError': <clinit>> (0x00000000e0d69ec8) thrown at [C:\src\AOSP-openjdk-git\hotspot\src\share\vm\prims\jni.cpp, line 1615]
Event: 2.760 Thread 0x00000000199b9000 Exception <a 'java/lang/NoSuchMethodError': <clinit>> (0x00000000e0d96b30) thrown at [C:\src\AOSP-openjdk-git\hotspot\src\share\vm\prims\jni.cpp, line 1615]
Event: 2.763 Thread 0x00000000199b9000 Exception <a 'java/lang/NoSuchMethodError': <clinit>> (0x00000000e0da1bb8) thrown at [C:\src\AOSP-openjdk-git\hotspot\src\share\vm\prims\jni.cpp, line 1615]

Events (10 events):
Event: 4.568 loading class org/objectweb/asm/MethodVisitor
Event: 4.568 loading class org/objectweb/asm/MethodVisitor done
Event: 4.568 loading class org/objectweb/asm/MethodWriter
Event: 4.568 loading class org/objectweb/asm/MethodWriter done
Event: 4.570 loading class org/objectweb/asm/AnnotationVisitor
Event: 4.570 loading class org/objectweb/asm/AnnotationVisitor done
Event: 4.570 loading class org/objectweb/asm/AnnotationWriter
Event: 4.570 loading class org/objectweb/asm/AnnotationWriter done
Event: 4.571 loading class org/objectweb/asm/FieldVisitor
Event: 4.571 loading class org/objectweb/asm/FieldVisitor done


Dynamic libraries:
0x00007ff74c7c0000 - 0x00007ff74c7f1000 	C:\Program Files\Android\Android Studio\jre\bin\java.exe
0x00007ffc3b1b0000 - 0x00007ffc3b3a5000 	C:\WINDOWS\SYSTEM32\ntdll.dll
0x00007ffc39a70000 - 0x00007ffc39b2d000 	C:\WINDOWS\System32\KERNEL32.DLL
0x00007ffc38b90000 - 0x00007ffc38e58000 	C:\WINDOWS\System32\KERNELBASE.dll
0x00007ffc3a490000 - 0x00007ffc3a53c000 	C:\WINDOWS\System32\ADVAPI32.dll
0x00007ffc399d0000 - 0x00007ffc39a6e000 	C:\WINDOWS\System32\msvcrt.dll
0x00007ffc3a1d0000 - 0x00007ffc3a26b000 	C:\WINDOWS\System32\sechost.dll
0x00007ffc3a8c0000 - 0x00007ffc3a9eb000 	C:\WINDOWS\System32\RPCRT4.dll
0x00007ffc39b30000 - 0x00007ffc39cd0000 	C:\WINDOWS\System32\USER32.dll
0x00007ffc38ee0000 - 0x00007ffc38f02000 	C:\WINDOWS\System32\win32u.dll
0x00007ffc39e10000 - 0x00007ffc39e3a000 	C:\WINDOWS\System32\GDI32.dll
0x00007ffc38980000 - 0x00007ffc38a8b000 	C:\WINDOWS\System32\gdi32full.dll
0x00007ffc38f60000 - 0x00007ffc38ffd000 	C:\WINDOWS\System32\msvcp_win.dll
0x00007ffc38a90000 - 0x00007ffc38b90000 	C:\WINDOWS\System32\ucrtbase.dll
0x00007ffc27870000 - 0x00007ffc27b0a000 	C:\WINDOWS\WinSxS\amd64_microsoft.windows.common-controls_6595b64144ccf1df_6.0.19041.844_none_ca00b6081b84eb1d\COMCTL32.dll
0x00007ffc3a1a0000 - 0x00007ffc3a1d0000 	C:\WINDOWS\System32\IMM32.DLL
0x00000000651d0000 - 0x00000000652a2000 	C:\Program Files\Android\Android Studio\jre\jre\bin\msvcr100.dll
0x0000000064520000 - 0x0000000064d6b000 	C:\Program Files\Android\Android Studio\jre\jre\bin\server\jvm.dll
0x00007ffc3a2a0000 - 0x00007ffc3a2a8000 	C:\WINDOWS\System32\PSAPI.DLL
0x00007ffc376f0000 - 0x00007ffc376fa000 	C:\WINDOWS\SYSTEM32\VERSION.dll
0x00007ffc2ad30000 - 0x00007ffc2ad57000 	C:\WINDOWS\SYSTEM32\WINMM.dll
0x00007ffc241e0000 - 0x00007ffc241e9000 	C:\WINDOWS\SYSTEM32\WSOCK32.dll
0x00007ffc3a540000 - 0x00007ffc3a5ab000 	C:\WINDOWS\System32\ws2_32.DLL
0x00007ffc329b0000 - 0x00007ffc329bf000 	C:\Program Files\Android\Android Studio\jre\jre\bin\verify.dll
0x00007ffc2a040000 - 0x00007ffc2a069000 	C:\Program Files\Android\Android Studio\jre\jre\bin\java.dll
0x00007ffc2a020000 - 0x00007ffc2a036000 	C:\Program Files\Android\Android Studio\jre\jre\bin\zip.dll
0x00007ffc39280000 - 0x00007ffc399c2000 	C:\WINDOWS\System32\SHELL32.dll
0x00007ffc363d0000 - 0x00007ffc36b61000 	C:\WINDOWS\SYSTEM32\windows.storage.dll
0x00007ffc39e40000 - 0x00007ffc3a195000 	C:\WINDOWS\System32\combase.dll
0x00007ffc383c0000 - 0x00007ffc383ec000 	C:\WINDOWS\SYSTEM32\Wldp.dll
0x00007ffc3a9f0000 - 0x00007ffc3aa9e000 	C:\WINDOWS\System32\SHCORE.dll
0x00007ffc39db0000 - 0x00007ffc39e05000 	C:\WINDOWS\System32\shlwapi.dll
0x00007ffc38890000 - 0x00007ffc388af000 	C:\WINDOWS\SYSTEM32\profapi.dll
0x00007ffc295b0000 - 0x00007ffc295ca000 	C:\Program Files\Android\Android Studio\jre\jre\bin\net.dll
0x00007ffc38130000 - 0x00007ffc3819a000 	C:\WINDOWS\system32\mswsock.dll
0x00007ffc1dc50000 - 0x00007ffc1dc63000 	C:\Program Files\Android\Android Studio\jre\jre\bin\nio.dll
0x00007ffc29ee0000 - 0x00007ffc29f06000 	C:\Users\SunMoon\.gradle\native\29\windows-amd64\native-platform.dll
0x00007ffc30cc0000 - 0x00007ffc30ccd000 	C:\Program Files\Android\Android Studio\jre\jre\bin\management.dll
0x00007ffc38310000 - 0x00007ffc38328000 	C:\WINDOWS\SYSTEM32\CRYPTSP.dll
0x00007ffc37a60000 - 0x00007ffc37a94000 	C:\WINDOWS\system32\rsaenh.dll
0x00007ffc38950000 - 0x00007ffc38977000 	C:\WINDOWS\System32\bcrypt.dll
0x00007ffc38850000 - 0x00007ffc3887e000 	C:\WINDOWS\SYSTEM32\USERENV.dll
0x00007ffc38e60000 - 0x00007ffc38ee0000 	C:\WINDOWS\System32\bcryptprimitives.dll
0x00007ffc38300000 - 0x00007ffc3830c000 	C:\WINDOWS\SYSTEM32\CRYPTBASE.dll
0x00007ffc37dd0000 - 0x00007ffc37e0b000 	C:\WINDOWS\SYSTEM32\IPHLPAPI.DLL
0x00007ffc3a270000 - 0x00007ffc3a278000 	C:\WINDOWS\System32\NSI.dll
0x00007ffc2e220000 - 0x00007ffc2e237000 	C:\WINDOWS\SYSTEM32\dhcpcsvc6.DLL
0x00007ffc30470000 - 0x00007ffc3048d000 	C:\WINDOWS\SYSTEM32\dhcpcsvc.DLL
0x00007ffc37e20000 - 0x00007ffc37eec000 	C:\WINDOWS\SYSTEM32\DNSAPI.dll

VM Arguments:
jvm_args: -Xmx1536m -Dfile.encoding=windows-1252 -Duser.country=US -Duser.language=en -Duser.variant 
java_command: org.gradle.launcher.daemon.bootstrap.GradleDaemon 5.4.1
java_class_path (initial): C:\Users\SunMoon\.gradle\wrapper\dists\gradle-5.4.1-all\3221gyojl5jsh0helicew7rwx\gradle-5.4.1\lib\gradle-launcher-5.4.1.jar
Launcher Type: SUN_STANDARD

Environment Variables:
PATH=C:\Program Files\Common Files\Oracle\Java\javapath;C:\Program Files (x86)\Intel\iCLS Client\;C:\Program Files\Intel\iCLS Client\;C:\WINDOWS\system32;C:\WINDOWS;C:\WINDOWS\System32\Wbem;C:\WINDOWS\System32\WindowsPowerShell\v1.0\;C:\Program Files (x86)\Intel\Intel(R) Management Engine Components\DAL;C:\Program Files\Intel\Intel(R) Management Engine Components\DAL;C:\Program Files (x86)\Intel\Intel(R) Management Engine Components\IPT;C:\Program Files\Intel\Intel(R) Management Engine Components\IPT;C:\WINDOWS\System32\OpenSSH\;C:\Program Files\Java\jdk-15.0.2\bin;C:\Program Files\JetBrains\IntelliJ IDEA Community Edition 2020.3.2\bin;;C:\Users\SunMoon\AppData\Local\Microsoft\WindowsApps;
USERNAME=SunMoon
OS=Windows_NT
PROCESSOR_IDENTIFIER=Intel64 Family 6 Model 61 Stepping 4, GenuineIntel



---------------  S Y S T E M  ---------------

OS: Windows 10.0 , 64 bit Build 19041 (10.0.19041.928)

CPU:total 4 (initial active 4) (2 cores per cpu, 2 threads per core) family 6 model 61 stepping 4, cmov, cx8, fxsr, mmx, sse, sse2, sse3, ssse3, sse4.1, sse4.2, popcnt, avx, avx2, aes, clmul, erms, 3dnowpref, lzcnt, ht, tsc, tscinvbit, bmi1, bmi2, adx

Memory: 4k page, physical 4082796k(120364k free), swap 16665708k(3672k free)

vm_info: OpenJDK 64-Bit Server VM (25.242-b01) for windows-amd64 JRE (1.8.0_242-release-1644-b01), built by "builder" with MS VC++ 10.0 (VS2010)

time: Fri May 07 19:50:44 2021
timezone: Bangladesh Standard Time
elapsed time: 4 seconds (0d 0h 0m 4s)

